<?xml version="1.0" encoding="UTF-8"?>
<coverage generated="1604515165312" clover="3.2.0">
  <project timestamp="1604515165312" name="All files">
    <metrics statements="31" coveredstatements="26" conditionals="6" coveredconditionals="5" methods="13" coveredmethods="6" elements="50" coveredelements="37" complexity="0" loc="31" ncloc="31" packages="2" files="2" classes="2"/>
    <package name="components.card-full">
      <metrics statements="14" coveredstatements="12" conditionals="2" coveredconditionals="1" methods="5" coveredmethods="3"/>
      <file name="card-full.jsx" path="C:\Users\qrxt3\Desktop\lotus-field\src\components\card-full\card-full.jsx">
        <metrics statements="14" coveredstatements="12" conditionals="2" coveredconditionals="1" methods="5" coveredmethods="3"/>
        <line num="18" count="2" type="stmt"/>
        <line num="24" count="2" type="stmt"/>
        <line num="31" count="2" type="stmt"/>
        <line num="33" count="2" type="stmt"/>
        <line num="35" count="2" type="stmt"/>
        <line num="77" count="2" type="stmt"/>
        <line num="78" count="8" type="stmt"/>
        <line num="81" count="2" type="stmt"/>
        <line num="89" count="2" type="stmt"/>
        <line num="97" count="2" type="stmt"/>
        <line num="109" count="0" type="stmt"/>
        <line num="110" count="0" type="stmt"/>
        <line num="118" count="2" type="stmt"/>
        <line num="122" count="2" type="stmt"/>
      </file>
    </package>
    <package name="containers">
      <metrics statements="17" coveredstatements="14" conditionals="4" coveredconditionals="4" methods="8" coveredmethods="3"/>
      <file name="card-full.jsx" path="C:\Users\qrxt3\Desktop\lotus-field\src\containers\card-full.jsx">
        <metrics statements="17" coveredstatements="14" conditionals="4" coveredconditionals="4" methods="8" coveredmethods="3"/>
        <line num="20" count="3" type="stmt"/>
        <line num="22" count="3" type="stmt"/>
        <line num="24" count="3" type="stmt"/>
        <line num="26" count="3" type="stmt"/>
        <line num="27" count="3" type="stmt"/>
        <line num="36" count="3" type="stmt"/>
        <line num="38" count="3" type="cond" truecount="2" falsecount="0"/>
        <line num="39" count="1" type="stmt"/>
        <line num="46" count="2" type="cond" truecount="2" falsecount="0"/>
        <line num="47" count="1" type="stmt"/>
        <line num="54" count="1" type="stmt"/>
        <line num="63" count="1" type="stmt"/>
        <line num="76" count="1" type="stmt"/>
        <line num="83" count="1" type="stmt"/>
        <line num="85" count="0" type="stmt"/>
        <line num="86" count="0" type="stmt"/>
        <line num="87" count="0" type="stmt"/>
      </file>
    </package>
  </project>
</coverage>
