{"C:\\Users\\qrxt3\\Desktop\\lotus-field\\src\\components\\card-full\\card-full.jsx": {"path":"C:\\Users\\qrxt3\\Desktop\\lotus-field\\src\\components\\card-full\\card-full.jsx","statementMap":{"0":{"start":{"line":18,"column":17},"end":{"line":116,"column":1}},"1":{"start":{"line":24,"column":6},"end":{"line":24,"column":11}},"2":{"start":{"line":31,"column":6},"end":{"line":31,"column":10}},"3":{"start":{"line":33,"column":16},"end":{"line":33,"column":32}},"4":{"start":{"line":35,"column":28},"end":{"line":75,"column":3}},"5":{"start":{"line":77,"column":26},"end":{"line":78,"column":37}},"6":{"start":{"line":78,"column":29},"end":{"line":78,"column":36}},"7":{"start":{"line":81,"column":4},"end":{"line":94,"column":15}},"8":{"start":{"line":89,"column":10},"end":{"line":91,"column":26}},"9":{"start":{"line":97,"column":2},"end":{"line":115,"column":4}},"10":{"start":{"line":109,"column":29},"end":{"line":109,"column":58}},"11":{"start":{"line":110,"column":30},"end":{"line":110,"column":63}},"12":{"start":{"line":118,"column":0},"end":{"line":120,"column":2}},"13":{"start":{"line":122,"column":0},"end":{"line":127,"column":2}}},"fnMap":{"0":{"name":"(anonymous_0)","decl":{"start":{"line":18,"column":17},"end":{"line":18,"column":18}},"loc":{"start":{"line":18,"column":28},"end":{"line":116,"column":1}},"line":18},"1":{"name":"(anonymous_1)","decl":{"start":{"line":78,"column":12},"end":{"line":78,"column":13}},"loc":{"start":{"line":78,"column":29},"end":{"line":78,"column":36}},"line":78},"2":{"name":"(anonymous_2)","decl":{"start":{"line":88,"column":22},"end":{"line":88,"column":23}},"loc":{"start":{"line":89,"column":10},"end":{"line":91,"column":26}},"line":89},"3":{"name":"(anonymous_3)","decl":{"start":{"line":109,"column":21},"end":{"line":109,"column":22}},"loc":{"start":{"line":109,"column":27},"end":{"line":109,"column":60}},"line":109},"4":{"name":"(anonymous_4)","decl":{"start":{"line":110,"column":22},"end":{"line":110,"column":23}},"loc":{"start":{"line":110,"column":28},"end":{"line":110,"column":65}},"line":110}},"branchMap":{"0":{"loc":{"start":{"line":100,"column":8},"end":{"line":102,"column":51}},"type":"cond-expr","locations":[{"start":{"line":101,"column":12},"end":{"line":101,"column":22}},{"start":{"line":102,"column":12},"end":{"line":102,"column":51}}],"line":100}},"s":{"0":2,"1":2,"2":2,"3":2,"4":2,"5":2,"6":8,"7":2,"8":2,"9":2,"10":0,"11":0,"12":2,"13":2},"f":{"0":2,"1":8,"2":2,"3":0,"4":0},"b":{"0":[0,2]},"_coverageSchema":"1a1c01bbd47fc00a2c39e90264f33305004495a9","hash":"8eec80bfa669cf63398c105177778d14eef2bde0"}
,"C:\\Users\\qrxt3\\Desktop\\lotus-field\\src\\containers\\card-full.jsx": {"path":"C:\\Users\\qrxt3\\Desktop\\lotus-field\\src\\containers\\card-full.jsx","statementMap":{"0":{"start":{"line":20,"column":32},"end":{"line":20,"column":42}},"1":{"start":{"line":22,"column":4},"end":{"line":28,"column":9}},"2":{"start":{"line":24,"column":25},"end":{"line":24,"column":35}},"3":{"start":{"line":26,"column":8},"end":{"line":26,"column":46}},"4":{"start":{"line":27,"column":8},"end":{"line":27,"column":41}},"5":{"start":{"line":36,"column":8},"end":{"line":36,"column":18}},"6":{"start":{"line":38,"column":4},"end":{"line":44,"column":5}},"7":{"start":{"line":39,"column":6},"end":{"line":43,"column":8}},"8":{"start":{"line":46,"column":4},"end":{"line":52,"column":5}},"9":{"start":{"line":47,"column":6},"end":{"line":51,"column":8}},"10":{"start":{"line":54,"column":4},"end":{"line":59,"column":7}},"11":{"start":{"line":63,"column":0},"end":{"line":74,"column":2}},"12":{"start":{"line":76,"column":24},"end":{"line":81,"column":2}},"13":{"start":{"line":76,"column":96},"end":{"line":81,"column":1}},"14":{"start":{"line":83,"column":27},"end":{"line":88,"column":2}},"15":{"start":{"line":83,"column":63},"end":{"line":88,"column":1}},"16":{"start":{"line":85,"column":33},"end":{"line":85,"column":68}},"17":{"start":{"line":86,"column":35},"end":{"line":86,"column":72}},"18":{"start":{"line":87,"column":39},"end":{"line":87,"column":80}}},"fnMap":{"0":{"name":"(anonymous_0)","decl":{"start":{"line":19,"column":2},"end":{"line":19,"column":3}},"loc":{"start":{"line":19,"column":22},"end":{"line":29,"column":3}},"line":19},"1":{"name":"(anonymous_1)","decl":{"start":{"line":23,"column":12},"end":{"line":23,"column":13}},"loc":{"start":{"line":23,"column":18},"end":{"line":28,"column":7}},"line":23},"2":{"name":"(anonymous_2)","decl":{"start":{"line":31,"column":2},"end":{"line":31,"column":3}},"loc":{"start":{"line":31,"column":11},"end":{"line":60,"column":3}},"line":31},"3":{"name":"(anonymous_3)","decl":{"start":{"line":76,"column":24},"end":{"line":76,"column":25}},"loc":{"start":{"line":76,"column":96},"end":{"line":81,"column":1}},"line":76},"4":{"name":"(anonymous_4)","decl":{"start":{"line":83,"column":27},"end":{"line":83,"column":28}},"loc":{"start":{"line":83,"column":63},"end":{"line":88,"column":1}},"line":83},"5":{"name":"(anonymous_5)","decl":{"start":{"line":85,"column":21},"end":{"line":85,"column":22}},"loc":{"start":{"line":85,"column":33},"end":{"line":85,"column":68}},"line":85},"6":{"name":"(anonymous_6)","decl":{"start":{"line":86,"column":23},"end":{"line":86,"column":24}},"loc":{"start":{"line":86,"column":35},"end":{"line":86,"column":72}},"line":86},"7":{"name":"(anonymous_7)","decl":{"start":{"line":87,"column":27},"end":{"line":87,"column":28}},"loc":{"start":{"line":87,"column":39},"end":{"line":87,"column":80}},"line":87}},"branchMap":{"0":{"loc":{"start":{"line":38,"column":4},"end":{"line":44,"column":5}},"type":"if","locations":[{"start":{"line":38,"column":4},"end":{"line":44,"column":5}},{"start":{"line":38,"column":4},"end":{"line":44,"column":5}}],"line":38},"1":{"loc":{"start":{"line":46,"column":4},"end":{"line":52,"column":5}},"type":"if","locations":[{"start":{"line":46,"column":4},"end":{"line":52,"column":5}},{"start":{"line":46,"column":4},"end":{"line":52,"column":5}}],"line":46}},"s":{"0":3,"1":3,"2":3,"3":3,"4":3,"5":3,"6":3,"7":1,"8":2,"9":1,"10":1,"11":1,"12":1,"13":0,"14":1,"15":0,"16":0,"17":0,"18":0},"f":{"0":3,"1":3,"2":3,"3":0,"4":0,"5":0,"6":0,"7":0},"b":{"0":[1,2],"1":[1,1]},"_coverageSchema":"1a1c01bbd47fc00a2c39e90264f33305004495a9","hash":"14e43db1a58b1349eedf480cbee3ceb332f96202"}
}
