TN:
SF:src\components\card-full\card-full.jsx
FN:18,(anonymous_0)
FN:78,(anonymous_1)
FN:88,(anonymous_2)
FN:109,(anonymous_3)
FN:110,(anonymous_4)
FNF:5
FNH:3
FNDA:2,(anonymous_0)
FNDA:8,(anonymous_1)
FNDA:2,(anonymous_2)
FNDA:0,(anonymous_3)
FNDA:0,(anonymous_4)
DA:18,2
DA:24,2
DA:31,2
DA:33,2
DA:35,2
DA:77,2
DA:78,8
DA:81,2
DA:89,2
DA:97,2
DA:109,0
DA:110,0
DA:118,2
DA:122,2
LF:14
LH:12
BRDA:100,0,0,0
BRDA:100,0,1,2
BRF:2
BRH:1
end_of_record
TN:
SF:src\containers\card-full.jsx
FN:19,(anonymous_0)
FN:23,(anonymous_1)
FN:31,(anonymous_2)
FN:76,(anonymous_3)
FN:83,(anonymous_4)
FN:85,(anonymous_5)
FN:86,(anonymous_6)
FN:87,(anonymous_7)
FNF:8
FNH:3
FNDA:3,(anonymous_0)
FNDA:3,(anonymous_1)
FNDA:3,(anonymous_2)
FNDA:0,(anonymous_3)
FNDA:0,(anonymous_4)
FNDA:0,(anonymous_5)
FNDA:0,(anonymous_6)
FNDA:0,(anonymous_7)
DA:20,3
DA:22,3
DA:24,3
DA:26,3
DA:27,3
DA:36,3
DA:38,3
DA:39,1
DA:46,2
DA:47,1
DA:54,1
DA:63,1
DA:76,1
DA:83,1
DA:85,0
DA:86,0
DA:87,0
LF:17
LH:14
BRDA:38,0,0,1
BRDA:38,0,1,2
BRDA:46,1,0,1
BRDA:46,1,1,1
BRF:4
BRH:4
end_of_record
